2025-03-13 23:35:30.624 [info] [main] Log level: Info
2025-03-13 23:35:30.639 [info] [main] Validating found git in: "/usr/bin/git"
2025-03-13 23:35:30.687 [info] [main] Using git "2.39.5 (Apple Git-154)" from "/usr/bin/git"
2025-03-13 23:35:30.687 [info] [Model][doInitialScan] Initial repository scan started
2025-03-13 23:35:30.688 [info] [Model][doInitialScan] Initial repository scan completed - repositories (0), closed repositories (0), parent repositories (0), unsafe repositories (0)
2025-03-13 23:35:48.648 [info] > git rev-parse --show-toplevel [21ms]
2025-03-13 23:37:21.649 [info] > git rev-parse --show-toplevel [28ms]
2025-03-13 23:37:21.666 [info] > git rev-parse --git-dir --git-common-dir [16ms]
2025-03-13 23:37:21.671 [info] [Model][openRepository] Opened repository: /Users/danerosselli/Dropbox/Business Ideas/my-price-finder
2025-03-13 23:37:21.688 [info] > git config --get commit.template [15ms]
2025-03-13 23:37:21.693 [info] > git for-each-ref --format=%(refname)%00%(upstream:short)%00%(objectname)%00%(upstream:track)%00%(upstream:remotename)%00%(upstream:remoteref) --ignore-case refs/heads/main refs/remotes/main [18ms]
2025-03-13 23:37:21.707 [info] > git for-each-ref --sort -committerdate --format %(refname) %(objectname) %(*objectname) [12ms]
2025-03-13 23:37:21.724 [info] > git status -z -uall [30ms]
2025-03-13 23:37:21.747 [info] > git config --get commit.template [11ms]
2025-03-13 23:37:21.747 [info] > git for-each-ref --format=%(refname)%00%(upstream:short)%00%(objectname)%00%(upstream:track)%00%(upstream:remotename)%00%(upstream:remoteref) --ignore-case refs/heads/main refs/remotes/main [13ms]
2025-03-13 23:37:21.748 [info] > git for-each-ref --format=%(refname)%00%(upstream:short)%00%(objectname)%00%(upstream:track)%00%(upstream:remotename)%00%(upstream:remoteref) --ignore-case refs/heads/main refs/remotes/main [12ms]
2025-03-13 23:37:21.759 [info] > git config --get --local branch.main.vscode-merge-base [11ms]
2025-03-13 23:37:21.759 [warning] [Git][config] git config failed: Failed to execute git
2025-03-13 23:37:21.760 [info] > git for-each-ref --sort -committerdate --format %(refname) %(objectname) %(*objectname) [11ms]
2025-03-13 23:37:21.764 [info] > git status -z -uall [15ms]
2025-03-13 23:37:21.774 [info] > git reflog main --grep-reflog=branch: Created from *. [14ms]
2025-03-13 23:37:21.777 [info] > git for-each-ref --format=%(refname)%00%(upstream:short)%00%(objectname)%00%(upstream:track)%00%(upstream:remotename)%00%(upstream:remoteref) --ignore-case refs/heads/main refs/remotes/main [12ms]
2025-03-13 23:37:21.785 [info] > git symbolic-ref --short refs/remotes/origin/HEAD [11ms]
2025-03-13 23:37:21.785 [info] fatal: ref refs/remotes/origin/HEAD is not a symbolic ref
2025-03-13 23:37:21.785 [warning] [Repository][getDefaultBranch] Failed to get default branch details: Failed to execute git.
2025-03-13 23:37:21.788 [info] > git config --get --local branch.main.vscode-merge-base [10ms]
2025-03-13 23:37:21.788 [warning] [Git][config] git config failed: Failed to execute git
2025-03-13 23:37:21.796 [info] > git merge-base refs/heads/main refs/remotes/origin/main [10ms]
2025-03-13 23:37:21.798 [info] > git reflog main --grep-reflog=branch: Created from *. [10ms]
2025-03-13 23:37:21.808 [info] > git symbolic-ref --short refs/remotes/origin/HEAD [9ms]
2025-03-13 23:37:21.808 [info] fatal: ref refs/remotes/origin/HEAD is not a symbolic ref
2025-03-13 23:37:21.808 [warning] [Repository][getDefaultBranch] Failed to get default branch details: Failed to execute git.
2025-03-13 23:37:21.809 [info] > git diff --name-status -z --diff-filter=ADMR 7d21f1299da762214e2e33a40ea31059cba92aab...refs/remotes/origin/main [12ms]
2025-03-13 23:37:21.819 [info] > git merge-base refs/heads/main refs/remotes/origin/main [11ms]
2025-03-13 23:37:21.830 [info] > git diff --name-status -z --diff-filter=ADMR 7d21f1299da762214e2e33a40ea31059cba92aab...refs/remotes/origin/main [11ms]
2025-03-13 23:37:21.995 [info] > git ls-files --stage -- index.html [19ms]
2025-03-13 23:37:21.996 [info] > git show --textconv :index.html [22ms]
2025-03-13 23:37:22.010 [info] > git cat-file -s a4bc3769d99b60f1b91d5eb789f15ca6054129e3 [14ms]
2025-03-13 23:37:22.201 [info] > git check-ignore -v -z --stdin [22ms]
2025-03-13 23:37:50.282 [info] > git log --format=%H%n%aN%n%aE%n%at%n%ct%n%P%n%D%n%B -z --shortstat --diff-merges=first-parent -n50 --skip=0 --topo-order --decorate=full --stdin [176ms]
2025-03-13 23:38:22.939 [info] > git blame --root --incremental 7d21f1299da762214e2e33a40ea31059cba92aab -- index.html [33ms]
2025-03-13 23:44:01.184 [info] > git config --get commit.template [42ms]
2025-03-13 23:44:01.188 [info] > git for-each-ref --format=%(refname)%00%(upstream:short)%00%(objectname)%00%(upstream:track)%00%(upstream:remotename)%00%(upstream:remoteref) --ignore-case refs/heads/main refs/remotes/main [45ms]
2025-03-13 23:44:01.205 [info] > git for-each-ref --sort -committerdate --format %(refname) %(objectname) %(*objectname) [15ms]
2025-03-13 23:44:01.222 [info] > git status -z -uall [33ms]
2025-03-13 23:44:22.354 [info] > git add -A -- /Users/danerosselli/Dropbox/Business Ideas/my-price-finder/index.html [28ms]
2025-03-13 23:44:22.371 [info] > git config --get commit.template [15ms]
2025-03-13 23:44:22.372 [info] > git for-each-ref --format=%(refname)%00%(upstream:short)%00%(objectname)%00%(upstream:track)%00%(upstream:remotename)%00%(upstream:remoteref) --ignore-case refs/heads/main refs/remotes/main [15ms]
2025-03-13 23:44:22.387 [info] > git for-each-ref --sort -committerdate --format %(refname) %(objectname) %(*objectname) [14ms]
2025-03-13 23:44:22.393 [info] > git status -z -uall [20ms]
2025-03-13 23:44:22.730 [info] > git ls-tree -l HEAD -- index.html [26ms]
2025-03-13 23:44:22.731 [info] > git show --textconv HEAD:index.html [29ms]
2025-03-13 23:44:24.341 [info] > git config --get commit.template [31ms]
2025-03-13 23:44:24.341 [info] > git for-each-ref --format=%(refname)%00%(upstream:short)%00%(objectname)%00%(upstream:track)%00%(upstream:remotename)%00%(upstream:remoteref) --ignore-case refs/heads/main refs/remotes/main [28ms]
2025-03-13 23:44:24.364 [info] > git for-each-ref --sort -committerdate --format %(refname) %(objectname) %(*objectname) [21ms]
2025-03-13 23:44:24.369 [info] > git status -z -uall [26ms]
2025-03-13 23:44:24.422 [info] > git ls-files --stage -- index.html [15ms]
2025-03-13 23:44:24.423 [info] > git ls-tree -l HEAD -- index.html [15ms]
2025-03-13 23:44:24.436 [info] > git show --textconv HEAD:index.html [12ms]
2025-03-13 23:44:24.437 [info] > git cat-file -s 66fb5dfdfa63f43abbcecf210aae4ef0d415c618 [14ms]
2025-03-13 23:44:24.450 [info] > git show --textconv :index.html [12ms]
2025-03-13 23:45:05.764 [info] > git -c user.useConfigOnly=true commit --quiet --allow-empty-message --file - [41ms]
2025-03-13 23:45:05.765 [info] Author identity unknown

*** Please tell me who you are.

Run

  git config --global user.email "you@example.com"
  git config --global user.name "Your Name"

to set your account's default identity.
Omit --global to set the identity only in this repository.

fatal: no email was given and auto-detection is disabled
2025-03-13 23:45:05.780 [info] > git config --get-all user.name [14ms]
2025-03-13 23:45:05.794 [info] > git config --get commit.template [13ms]
2025-03-13 23:45:05.795 [info] > git for-each-ref --format=%(refname)%00%(upstream:short)%00%(objectname)%00%(upstream:track)%00%(upstream:remotename)%00%(upstream:remoteref) --ignore-case refs/heads/main refs/remotes/main [13ms]
2025-03-13 23:45:05.809 [info] > git for-each-ref --sort -committerdate --format %(refname) %(objectname) %(*objectname) [12ms]
2025-03-13 23:45:05.821 [info] > git status -z -uall [25ms]
2025-03-13 23:45:07.262 [info] > git config --get commit.template [27ms]
2025-03-13 23:45:07.263 [info] > git for-each-ref --format=%(refname)%00%(upstream:short)%00%(objectname)%00%(upstream:track)%00%(upstream:remotename)%00%(upstream:remoteref) --ignore-case refs/heads/main refs/remotes/main [26ms]
2025-03-13 23:45:07.284 [info] > git for-each-ref --sort -committerdate --format %(refname) %(objectname) %(*objectname) [19ms]
2025-03-13 23:45:07.290 [info] > git status -z -uall [26ms]
2025-03-13 23:45:07.349 [info] > git ls-files --stage -- index.html [16ms]
2025-03-13 23:45:07.351 [info] > git ls-tree -l HEAD -- index.html [17ms]
2025-03-13 23:45:07.363 [info] > git cat-file -s 66fb5dfdfa63f43abbcecf210aae4ef0d415c618 [13ms]
2025-03-13 23:45:07.364 [info] > git show --textconv HEAD:index.html [12ms]
2025-03-13 23:45:07.376 [info] > git show --textconv :index.html [12ms]
2025-03-13 23:45:50.124 [info] > git -c user.useConfigOnly=true commit --quiet --allow-empty-message --file - [34ms]
2025-03-13 23:45:50.124 [info] Author identity unknown

*** Please tell me who you are.

Run

  git config --global user.email "you@example.com"
  git config --global user.name "Your Name"

to set your account's default identity.
Omit --global to set the identity only in this repository.

fatal: no email was given and auto-detection is disabled
2025-03-13 23:45:50.143 [info] > git config --get-all user.name [18ms]
2025-03-13 23:45:50.160 [info] > git config --get commit.template [16ms]
2025-03-13 23:45:50.161 [info] > git for-each-ref --format=%(refname)%00%(upstream:short)%00%(objectname)%00%(upstream:track)%00%(upstream:remotename)%00%(upstream:remoteref) --ignore-case refs/heads/main refs/remotes/main [16ms]
2025-03-13 23:45:50.195 [info] > git for-each-ref --sort -committerdate --format %(refname) %(objectname) %(*objectname) [33ms]
2025-03-13 23:45:50.201 [info] > git status -z -uall [39ms]
2025-03-13 23:45:57.992 [info] > git -c user.useConfigOnly=true commit --quiet --allow-empty-message --file - [35ms]
2025-03-13 23:45:57.992 [info] Author identity unknown

*** Please tell me who you are.

Run

  git config --global user.email "you@example.com"
  git config --global user.name "Your Name"

to set your account's default identity.
Omit --global to set the identity only in this repository.

fatal: no email was given and auto-detection is disabled
2025-03-13 23:45:58.010 [info] > git config --get-all user.name [17ms]
2025-03-13 23:45:58.025 [info] > git config --get commit.template [14ms]
2025-03-13 23:45:58.026 [info] > git for-each-ref --format=%(refname)%00%(upstream:short)%00%(objectname)%00%(upstream:track)%00%(upstream:remotename)%00%(upstream:remoteref) --ignore-case refs/heads/main refs/remotes/main [15ms]
2025-03-13 23:45:58.040 [info] > git for-each-ref --sort -committerdate --format %(refname) %(objectname) %(*objectname) [13ms]
2025-03-13 23:45:58.045 [info] > git status -z -uall [18ms]
2025-03-13 23:51:49.781 [info] > git ls-files --stage -- index.html [24ms]
2025-03-13 23:51:49.783 [info] > git ls-tree -l HEAD -- index.html [25ms]
2025-03-13 23:51:49.783 [info] > git show --textconv :index.html [27ms]
2025-03-13 23:51:49.783 [info] > git show --textconv HEAD:index.html [26ms]
2025-03-13 23:51:49.801 [info] > git cat-file -s 66fb5dfdfa63f43abbcecf210aae4ef0d415c618 [19ms]
2025-03-13 23:54:08.910 [info] > git -c user.useConfigOnly=true commit --quiet --allow-empty-message --file - [21ms]
2025-03-13 23:54:08.910 [info] Author identity unknown

*** Please tell me who you are.

Run

  git config --global user.email "you@example.com"
  git config --global user.name "Your Name"

to set your account's default identity.
Omit --global to set the identity only in this repository.

fatal: no email was given and auto-detection is disabled
2025-03-13 23:54:08.921 [info] > git config --get-all user.name [11ms]
2025-03-13 23:54:08.932 [info] > git config --get commit.template [10ms]
2025-03-13 23:54:08.934 [info] > git for-each-ref --format=%(refname)%00%(upstream:short)%00%(objectname)%00%(upstream:track)%00%(upstream:remotename)%00%(upstream:remoteref) --ignore-case refs/heads/main refs/remotes/main [12ms]
2025-03-13 23:54:08.946 [info] > git for-each-ref --sort -committerdate --format %(refname) %(objectname) %(*objectname) [11ms]
2025-03-13 23:54:08.952 [info] > git status -z -uall [17ms]
